<?xml version="1.0" encoding="UTF-8"?>
<!-- Generated by org.testng.reporters.JUnitXMLReporter -->
<testsuite ignored="0" hostname="Ankush" failures="1" tests="1" name="runner class" time="4.286" errors="0" timestamp="2023-09-25T23:20:48 IST">
  <testcase classname="io.cucumber.testng.AbstractTestNGCucumberTests" name="runScenario" time="0.194">
    <failure type="java.lang.NullPointerException" message="Cannot invoke &amp;quot;org.openqa.selenium.SearchContext.findElement(org.openqa.selenium.By)&amp;quot; because &amp;quot;this.searchContext&amp;quot; is null">
      <![CDATA[java.lang.NullPointerException: Cannot invoke "org.openqa.selenium.SearchContext.findElement(org.openqa.selenium.By)" because "this.searchContext" is null
at org.openqa.selenium.support.pagefactory.DefaultElementLocator.findElement(DefaultElementLocator.java:68)
at org.openqa.selenium.support.pagefactory.internal.LocatingElementHandler.invoke(LocatingElementHandler.java:38)
at jdk.proxy2/jdk.proxy2.$Proxy27.sendKeys(Unknown Source)
at com.pages.LoginPage.inputUsername(LoginPage.java:28)
at com.stepdefination.LoginSteps.enterUsername(LoginSteps.java:36)
at ✽.user enter username(file:///E:/EclipseProject/MyCucumberFramework/AutomationCucumberBDDProject/src/test/java/Feature/OrangeHRMLogin.feature:5)
]]>
    </failure>
  </testcase> <!-- runScenario -->
</testsuite> <!-- runner class -->
