<?xml version="1.0" encoding="UTF-8"?>
<testng-results ignored="0" total="2" passed="1" failed="1" skipped="0">
  <reporter-output>
  </reporter-output>
  <suite started-at="2023-12-01T16:35:45 IST" name="Suite" finished-at="2023-12-01T16:37:28 IST" duration-ms="102681">
    <groups>
    </groups>
    <test started-at="2023-12-01T16:35:45 IST" name="Test" finished-at="2023-12-01T16:37:28 IST" duration-ms="102681">
      <class name="com.TestClass.amazonProductPriceTest">
        <test-method is-config="true" signature="setupBrowser(java.lang.String)[pri:0, instance:com.TestClass.amazonProductPriceTest@644baf4a]" started-at="2023-12-01T16:35:46 IST" name="setupBrowser" finished-at="2023-12-01T16:36:52 IST" duration-ms="66399" status="PASS">
          <params>
            <param index="0">
              <value>
                <![CDATA[edge]]>
              </value>
            </param>
          </params>
          <reporter-output>
          </reporter-output>
        </test-method> <!-- setupBrowser -->
        <test-method signature="verifyPriceRange()[pri:1, instance:com.TestClass.amazonProductPriceTest@644baf4a]" started-at="2023-12-01T16:36:52 IST" name="verifyPriceRange" finished-at="2023-12-01T16:37:13 IST" duration-ms="21011" status="PASS">
          <reporter-output>
          </reporter-output>
        </test-method> <!-- verifyPriceRange -->
        <test-method is-config="true" signature="tearDown()[pri:0, instance:com.TestClass.amazonProductPriceTest@644baf4a]" started-at="2023-12-01T16:37:13 IST" name="tearDown" finished-at="2023-12-01T16:37:14 IST" duration-ms="560" status="PASS">
          <reporter-output>
          </reporter-output>
        </test-method> <!-- tearDown -->
      </class> <!-- com.TestClass.amazonProductPriceTest -->
      <class name="com.TestClass.SearchMobilesTest">
        <test-method is-config="true" signature="setupBrowser(java.lang.String)[pri:0, instance:com.TestClass.SearchMobilesTest@76a4ebf2]" started-at="2023-12-01T16:37:14 IST" name="setupBrowser" finished-at="2023-12-01T16:37:27 IST" duration-ms="13329" status="PASS">
          <params>
            <param index="0">
              <value>
                <![CDATA[edge]]>
              </value>
            </param>
          </params>
          <reporter-output>
          </reporter-output>
        </test-method> <!-- setupBrowser -->
        <test-method signature="verifyMobiledata(java.lang.String)[pri:2, instance:com.TestClass.SearchMobilesTest@76a4ebf2]" started-at="2023-12-01T16:37:27 IST" name="verifyMobiledata" data-provider="SearchDataProvider" finished-at="2023-12-01T16:37:27 IST" duration-ms="0" status="FAIL">
          <exception class="org.testng.TestNGException">
            <message>
              <![CDATA[
Data Provider public java.lang.Object[][] com.TestClass.SearchMobilesTest.getLoginData() returned a null value]]>
            </message>
            <full-stacktrace>
              <![CDATA[org.testng.TestNGException: 
Data Provider public java.lang.Object[][] com.TestClass.SearchMobilesTest.getLoginData() returned a null value
at org.testng.internal.invokers.MethodInvocationHelper.invokeDataProvider(MethodInvocationHelper.java:159)
at org.testng.internal.Parameters.handleParameters(Parameters.java:803)
at org.testng.internal.Parameters.handleParameters(Parameters.java:728)
at org.testng.internal.invokers.ParameterHandler.handleParameters(ParameterHandler.java:72)
at org.testng.internal.invokers.ParameterHandler.createParameters(ParameterHandler.java:51)
at org.testng.internal.invokers.TestInvoker$MethodInvocationAgent.invoke(TestInvoker.java:924)
at org.testng.internal.invokers.TestInvoker.invokeTestMethods(TestInvoker.java:194)
at org.testng.internal.invokers.TestMethodWorker.invokeTestMethods(TestMethodWorker.java:148)
at org.testng.internal.invokers.TestMethodWorker.run(TestMethodWorker.java:128)
at java.base/java.util.ArrayList.forEach(ArrayList.java:1511)
at org.testng.TestRunner.privateRun(TestRunner.java:829)
at org.testng.TestRunner.run(TestRunner.java:602)
at org.testng.SuiteRunner.runTest(SuiteRunner.java:437)
at org.testng.SuiteRunner.runSequentially(SuiteRunner.java:431)
at org.testng.SuiteRunner.privateRun(SuiteRunner.java:391)
at org.testng.SuiteRunner.run(SuiteRunner.java:330)
at org.testng.SuiteRunnerWorker.runSuite(SuiteRunnerWorker.java:52)
at org.testng.SuiteRunnerWorker.run(SuiteRunnerWorker.java:95)
at org.testng.TestNG.runSuitesSequentially(TestNG.java:1256)
at org.testng.TestNG.runSuitesLocally(TestNG.java:1176)
at org.testng.TestNG.runSuites(TestNG.java:1099)
at org.testng.TestNG.run(TestNG.java:1067)
at org.testng.remote.AbstractRemoteTestNG.run(AbstractRemoteTestNG.java:115)
at org.testng.remote.RemoteTestNG.initAndRun(RemoteTestNG.java:251)
at org.testng.remote.RemoteTestNG.main(RemoteTestNG.java:77)
]]>
            </full-stacktrace>
          </exception> <!-- org.testng.TestNGException -->
          <reporter-output>
          </reporter-output>
        </test-method> <!-- verifyMobiledata -->
        <test-method is-config="true" signature="tearDown()[pri:0, instance:com.TestClass.SearchMobilesTest@76a4ebf2]" started-at="2023-12-01T16:37:28 IST" name="tearDown" finished-at="2023-12-01T16:37:28 IST" duration-ms="272" status="PASS">
          <reporter-output>
          </reporter-output>
        </test-method> <!-- tearDown -->
      </class> <!-- com.TestClass.SearchMobilesTest -->
    </test> <!-- Test -->
  </suite> <!-- Suite -->
</testng-results>
