<?xml version="1.0" encoding="UTF-8"?>
<testng-results ignored="0" total="5" passed="4" failed="1" skipped="0">
  <reporter-output>
  </reporter-output>
  <suite started-at="2023-12-06T16:01:20 IST" name="Suite" finished-at="2023-12-06T16:02:46 IST" duration-ms="85967">
    <groups>
    </groups>
    <test started-at="2023-12-06T16:01:20 IST" name="Test" finished-at="2023-12-06T16:02:46 IST" duration-ms="85967">
      <class name="com.TestClass.amazonProductPriceTest">
        <test-method is-config="true" signature="setupBrowser(java.lang.String)[pri:0, instance:com.TestClass.amazonProductPriceTest@550dbc7a]" started-at="2023-12-06T16:01:20 IST" name="setupBrowser" finished-at="2023-12-06T16:01:26 IST" duration-ms="5412" status="PASS">
          <params>
            <param index="0">
              <value>
                <![CDATA[chrome]]>
              </value>
            </param>
          </params>
          <reporter-output>
          </reporter-output>
        </test-method> <!-- setupBrowser -->
        <test-method signature="verifyPriceRange()[pri:1, instance:com.TestClass.amazonProductPriceTest@550dbc7a]" started-at="2023-12-06T16:01:26 IST" name="verifyPriceRange" finished-at="2023-12-06T16:01:45 IST" duration-ms="19386" status="PASS">
          <reporter-output>
          </reporter-output>
        </test-method> <!-- verifyPriceRange -->
        <test-method is-config="true" signature="tearDown()[pri:0, instance:com.TestClass.amazonProductPriceTest@550dbc7a]" started-at="2023-12-06T16:01:45 IST" name="tearDown" finished-at="2023-12-06T16:01:45 IST" duration-ms="251" status="PASS">
          <reporter-output>
          </reporter-output>
        </test-method> <!-- tearDown -->
      </class> <!-- com.TestClass.amazonProductPriceTest -->
      <class name="com.TestClass.SearchMobilesTest">
        <test-method is-config="true" signature="setupBrowser(java.lang.String)[pri:0, instance:com.TestClass.SearchMobilesTest@290222c1]" started-at="2023-12-06T16:01:45 IST" name="setupBrowser" finished-at="2023-12-06T16:01:49 IST" duration-ms="3648" status="PASS">
          <params>
            <param index="0">
              <value>
                <![CDATA[chrome]]>
              </value>
            </param>
          </params>
          <reporter-output>
          </reporter-output>
        </test-method> <!-- setupBrowser -->
        <test-method signature="verifyMobiledata(java.lang.String)[pri:0, instance:com.TestClass.SearchMobilesTest@290222c1]" started-at="2023-12-06T16:01:50 IST" name="verifyMobiledata" data-provider="SearchDataProvider" finished-at="2023-12-06T16:01:55 IST" duration-ms="5064" status="FAIL">
          <params>
            <param index="0">
              <value>
                <![CDATA[Apple 14]]>
              </value>
            </param>
          </params>
          <exception class="org.openqa.selenium.NoSuchElementException">
            <message>
              <![CDATA[no such element: Unable to locate element: {"method":"css selector","selector":"#twotabsearchtextbox"}
  (Session info: chrome=119.0.6045.200)
For documentation on this error, please visit: https://www.selenium.dev/documentation/webdriver/troubleshooting/errors#no-such-element-exception
Build info: version: '4.15.0', revision: '1d14b5521b'
System info: os.name: 'Windows 11', os.arch: 'amd64', os.version: '10.0', java.version: '17.0.6'
Driver info: org.openqa.selenium.chrome.ChromeDriver
Command: [9b384dd226ec3d1673e8e53bc16a986a, findElement {using=id, value=twotabsearchtextbox}]
Capabilities {acceptInsecureCerts: false, browserName: chrome, browserVersion: 119.0.6045.200, chrome: {chromedriverVersion: 119.0.6045.105 (38c72552c5e..., userDataDir: C:\windows\TEMP\scoped_dir1...}, fedcm:accounts: true, goog:chromeOptions: {debuggerAddress: localhost:54081}, networkConnectionEnabled: false, pageLoadStrategy: normal, platformName: windows, proxy: Proxy(), se:cdp: ws://localhost:54081/devtoo..., se:cdpVersion: 119.0.6045.200, setWindowRect: true, strictFileInteractability: false, timeouts: {implicit: 0, pageLoad: 300000, script: 30000}, unhandledPromptBehavior: dismiss and notify, webauthn:extension:credBlob: true, webauthn:extension:largeBlob: true, webauthn:extension:minPinLength: true, webauthn:extension:prf: true, webauthn:virtualAuthenticators: true}
Session ID: 9b384dd226ec3d1673e8e53bc16a986a]]>
            </message>
            <full-stacktrace>
              <![CDATA[org.openqa.selenium.NoSuchElementException: no such element: Unable to locate element: {"method":"css selector","selector":"#twotabsearchtextbox"}
  (Session info: chrome=119.0.6045.200)
For documentation on this error, please visit: https://www.selenium.dev/documentation/webdriver/troubleshooting/errors#no-such-element-exception
Build info: version: '4.15.0', revision: '1d14b5521b'
System info: os.name: 'Windows 11', os.arch: 'amd64', os.version: '10.0', java.version: '17.0.6'
Driver info: org.openqa.selenium.chrome.ChromeDriver
Command: [9b384dd226ec3d1673e8e53bc16a986a, findElement {using=id, value=twotabsearchtextbox}]
Capabilities {acceptInsecureCerts: false, browserName: chrome, browserVersion: 119.0.6045.200, chrome: {chromedriverVersion: 119.0.6045.105 (38c72552c5e..., userDataDir: C:\windows\TEMP\scoped_dir1...}, fedcm:accounts: true, goog:chromeOptions: {debuggerAddress: localhost:54081}, networkConnectionEnabled: false, pageLoadStrategy: normal, platformName: windows, proxy: Proxy(), se:cdp: ws://localhost:54081/devtoo..., se:cdpVersion: 119.0.6045.200, setWindowRect: true, strictFileInteractability: false, timeouts: {implicit: 0, pageLoad: 300000, script: 30000}, unhandledPromptBehavior: dismiss and notify, webauthn:extension:credBlob: true, webauthn:extension:largeBlob: true, webauthn:extension:minPinLength: true, webauthn:extension:prf: true, webauthn:virtualAuthenticators: true}
Session ID: 9b384dd226ec3d1673e8e53bc16a986a
at java.base/jdk.internal.reflect.NativeConstructorAccessorImpl.newInstance0(Native Method)
at java.base/jdk.internal.reflect.NativeConstructorAccessorImpl.newInstance(NativeConstructorAccessorImpl.java:77)
at java.base/jdk.internal.reflect.DelegatingConstructorAccessorImpl.newInstance(DelegatingConstructorAccessorImpl.java:45)
at java.base/java.lang.reflect.Constructor.newInstanceWithCaller(Constructor.java:499)
at java.base/java.lang.reflect.Constructor.newInstance(Constructor.java:480)
at org.openqa.selenium.remote.codec.w3c.W3CHttpResponseCodec.createException(W3CHttpResponseCodec.java:200)
at org.openqa.selenium.remote.codec.w3c.W3CHttpResponseCodec.decode(W3CHttpResponseCodec.java:133)
at org.openqa.selenium.remote.codec.w3c.W3CHttpResponseCodec.decode(W3CHttpResponseCodec.java:52)
at org.openqa.selenium.remote.HttpCommandExecutor.execute(HttpCommandExecutor.java:191)
at org.openqa.selenium.remote.service.DriverCommandExecutor.invokeExecute(DriverCommandExecutor.java:200)
at org.openqa.selenium.remote.service.DriverCommandExecutor.execute(DriverCommandExecutor.java:175)
at org.openqa.selenium.remote.RemoteWebDriver.execute(RemoteWebDriver.java:607)
at org.openqa.selenium.remote.ElementLocation$ElementFinder$2.findElement(ElementLocation.java:165)
at org.openqa.selenium.remote.ElementLocation.findElement(ElementLocation.java:66)
at org.openqa.selenium.remote.RemoteWebDriver.findElement(RemoteWebDriver.java:364)
at org.openqa.selenium.remote.RemoteWebDriver.findElement(RemoteWebDriver.java:358)
at org.openqa.selenium.support.pagefactory.DefaultElementLocator.findElement(DefaultElementLocator.java:68)
at org.openqa.selenium.support.pagefactory.internal.LocatingElementHandler.invoke(LocatingElementHandler.java:38)
at jdk.proxy2/jdk.proxy2.$Proxy16.sendKeys(Unknown Source)
at com.Utilities.utility.sendKey(utility.java:46)
at com.PageObject.AmazonHomePage.verifyMobile(AmazonHomePage.java:63)
at com.TestClass.SearchMobilesTest.verifyMobiledata(SearchMobilesTest.java:20)
at java.base/jdk.internal.reflect.NativeMethodAccessorImpl.invoke0(Native Method)
at java.base/jdk.internal.reflect.NativeMethodAccessorImpl.invoke(NativeMethodAccessorImpl.java:77)
at java.base/jdk.internal.reflect.DelegatingMethodAccessorImpl.invoke(DelegatingMethodAccessorImpl.java:43)
at java.base/java.lang.reflect.Method.invoke(Method.java:568)
at org.testng.internal.MethodInvocationHelper.invokeMethod(MethodInvocationHelper.java:133)
at org.testng.internal.TestInvoker.invokeMethod(TestInvoker.java:598)
at org.testng.internal.TestInvoker.invokeTestMethod(TestInvoker.java:173)
at org.testng.internal.MethodRunner.runInSequence(MethodRunner.java:46)
at org.testng.internal.TestInvoker$MethodInvocationAgent.invoke(TestInvoker.java:824)
at org.testng.internal.TestInvoker.invokeTestMethods(TestInvoker.java:146)
at org.testng.internal.TestMethodWorker.invokeTestMethods(TestMethodWorker.java:146)
at org.testng.internal.TestMethodWorker.run(TestMethodWorker.java:128)
at java.base/java.util.ArrayList.forEach(ArrayList.java:1511)
at org.testng.TestRunner.privateRun(TestRunner.java:794)
at org.testng.TestRunner.run(TestRunner.java:596)
at org.testng.SuiteRunner.runTest(SuiteRunner.java:377)
at org.testng.SuiteRunner.runSequentially(SuiteRunner.java:371)
at org.testng.SuiteRunner.privateRun(SuiteRunner.java:332)
at org.testng.SuiteRunner.run(SuiteRunner.java:276)
at org.testng.SuiteRunnerWorker.runSuite(SuiteRunnerWorker.java:53)
at org.testng.SuiteRunnerWorker.run(SuiteRunnerWorker.java:96)
at org.testng.TestNG.runSuitesSequentially(TestNG.java:1212)
at org.testng.TestNG.runSuitesLocally(TestNG.java:1134)
at org.testng.TestNG.runSuites(TestNG.java:1063)
at org.testng.TestNG.run(TestNG.java:1031)
at org.testng.remote.AbstractRemoteTestNG.run(AbstractRemoteTestNG.java:115)
at org.testng.remote.RemoteTestNG.initAndRun(RemoteTestNG.java:251)
at org.testng.remote.RemoteTestNG.main(RemoteTestNG.java:77)
]]>
            </full-stacktrace>
          </exception> <!-- org.openqa.selenium.NoSuchElementException -->
          <reporter-output>
          </reporter-output>
        </test-method> <!-- verifyMobiledata -->
        <test-method signature="verifyMobiledata(java.lang.String)[pri:0, instance:com.TestClass.SearchMobilesTest@290222c1]" started-at="2023-12-06T16:01:55 IST" name="verifyMobiledata" data-provider="SearchDataProvider" finished-at="2023-12-06T16:02:31 IST" duration-ms="35898" status="PASS">
          <params>
            <param index="0">
              <value>
                <![CDATA[Mi Mobile]]>
              </value>
            </param>
          </params>
          <reporter-output>
          </reporter-output>
        </test-method> <!-- verifyMobiledata -->
        <test-method signature="verifyMobiledata(java.lang.String)[pri:0, instance:com.TestClass.SearchMobilesTest@290222c1]" started-at="2023-12-06T16:02:31 IST" name="verifyMobiledata" data-provider="SearchDataProvider" finished-at="2023-12-06T16:02:38 IST" duration-ms="7480" status="PASS">
          <params>
            <param index="0">
              <value>
                <![CDATA[Oppo]]>
              </value>
            </param>
          </params>
          <reporter-output>
          </reporter-output>
        </test-method> <!-- verifyMobiledata -->
        <test-method signature="verifyMobiledata(java.lang.String)[pri:0, instance:com.TestClass.SearchMobilesTest@290222c1]" started-at="2023-12-06T16:02:38 IST" name="verifyMobiledata" data-provider="SearchDataProvider" finished-at="2023-12-06T16:02:46 IST" duration-ms="7444" status="PASS">
          <params>
            <param index="0">
              <value>
                <![CDATA[Vivo]]>
              </value>
            </param>
          </params>
          <reporter-output>
          </reporter-output>
        </test-method> <!-- verifyMobiledata -->
        <test-method is-config="true" signature="tearDown()[pri:0, instance:com.TestClass.SearchMobilesTest@290222c1]" started-at="2023-12-06T16:02:46 IST" name="tearDown" finished-at="2023-12-06T16:02:46 IST" duration-ms="358" status="PASS">
          <reporter-output>
          </reporter-output>
        </test-method> <!-- tearDown -->
      </class> <!-- com.TestClass.SearchMobilesTest -->
    </test> <!-- Test -->
  </suite> <!-- Suite -->
</testng-results>
