<?xml version="1.0" encoding="UTF-8"?>
<testng-results ignored="0" total="2" passed="2" failed="0" skipped="0">
  <reporter-output>
  </reporter-output>
  <suite started-at="2023-09-30T22:21:57 IST" name="All Test Suite" finished-at="2023-09-30T22:22:33 IST" duration-ms="35844">
    <groups>
    </groups>
    <test started-at="2023-09-30T22:21:57 IST" name="Parallel Tests using chrome" finished-at="2023-09-30T22:22:14 IST" duration-ms="17349">
      <class name="com.stepDef.LoginSteps">
        <test-method is-config="true" signature="setUp(java.lang.String)[pri:0, instance:com.stepDef.LoginSteps@2de56eb2]" started-at="2023-09-30T22:21:57 IST" name="setUp" finished-at="2023-09-30T22:22:14 IST" duration-ms="17018" status="PASS">
          <params>
            <param index="0">
              <value>
                <![CDATA[chrome]]>
              </value>
            </param>
          </params>
          <reporter-output>
          </reporter-output>
        </test-method> <!-- setUp -->
        <test-method signature="user_should_be_redirected_to_the_dashboard()[pri:0, instance:com.stepDef.LoginSteps@2de56eb2]" started-at="2023-09-30T22:22:14 IST" name="user_should_be_redirected_to_the_dashboard" finished-at="2023-09-30T22:22:14 IST" duration-ms="5" status="PASS">
          <reporter-output>
          </reporter-output>
        </test-method> <!-- user_should_be_redirected_to_the_dashboard -->
        <test-method is-config="true" signature="tearDown()[pri:0, instance:com.stepDef.LoginSteps@2de56eb2]" started-at="2023-09-30T22:22:14 IST" name="tearDown" finished-at="2023-09-30T22:22:14 IST" duration-ms="295" status="PASS">
          <reporter-output>
          </reporter-output>
        </test-method> <!-- tearDown -->
      </class> <!-- com.stepDef.LoginSteps -->
    </test> <!-- Parallel Tests using chrome -->
    <test started-at="2023-09-30T22:22:14 IST" name="Parallel Tests using firefox" finished-at="2023-09-30T22:22:33 IST" duration-ms="18475">
      <class name="com.stepDef.LoginSteps">
        <test-method is-config="true" signature="setUp(java.lang.String)[pri:0, instance:com.stepDef.LoginSteps@821330f]" started-at="2023-09-30T22:22:14 IST" name="setUp" finished-at="2023-09-30T22:22:30 IST" duration-ms="16295" status="PASS">
          <params>
            <param index="0">
              <value>
                <![CDATA[firefox]]>
              </value>
            </param>
          </params>
          <reporter-output>
          </reporter-output>
        </test-method> <!-- setUp -->
        <test-method signature="user_should_be_redirected_to_the_dashboard()[pri:0, instance:com.stepDef.LoginSteps@821330f]" started-at="2023-09-30T22:22:30 IST" name="user_should_be_redirected_to_the_dashboard" finished-at="2023-09-30T22:22:30 IST" duration-ms="1" status="PASS">
          <reporter-output>
          </reporter-output>
        </test-method> <!-- user_should_be_redirected_to_the_dashboard -->
        <test-method is-config="true" signature="tearDown()[pri:0, instance:com.stepDef.LoginSteps@821330f]" started-at="2023-09-30T22:22:30 IST" name="tearDown" finished-at="2023-09-30T22:22:33 IST" duration-ms="2169" status="FAIL">
          <exception class="org.openqa.selenium.NoSuchSessionException">
            <message>
              <![CDATA[Tried to run command without establishing a connection
Build info: version: '4.12.1', revision: '8e34639b11'
System info: os.name: 'Windows 11', os.arch: 'amd64', os.version: '10.0', java.version: '17.0.6'
Driver info: org.openqa.selenium.firefox.FirefoxDriver
Command: [1328deb1-97f2-4941-9b5c-a1055be739be, quit {}]
Capabilities {acceptInsecureCerts: true, browserName: firefox, browserVersion: 118.0.1, moz:accessibilityChecks: false, moz:buildID: 20230927232528, moz:debuggerAddress: 127.0.0.1:13662, moz:geckodriverVersion: 0.33.0, moz:headless: false, moz:platformVersion: 10.0, moz:processID: 18348, moz:profile: C:\windows\TEMP\rust_mozpro..., moz:shutdownTimeout: 60000, moz:webdriverClick: true, moz:windowless: false, pageLoadStrategy: normal, platformName: windows, proxy: Proxy(), se:cdp: ws://127.0.0.1:13662/devtoo..., se:cdpVersion: 85.0, setWindowRect: true, strictFileInteractability: false, timeouts: {implicit: 0, pageLoad: 300000, script: 30000}, unhandledPromptBehavior: dismiss and notify}
Session ID: 1328deb1-97f2-4941-9b5c-a1055be739be]]>
            </message>
            <full-stacktrace>
              <![CDATA[org.openqa.selenium.NoSuchSessionException: Tried to run command without establishing a connection
Build info: version: '4.12.1', revision: '8e34639b11'
System info: os.name: 'Windows 11', os.arch: 'amd64', os.version: '10.0', java.version: '17.0.6'
Driver info: org.openqa.selenium.firefox.FirefoxDriver
Command: [1328deb1-97f2-4941-9b5c-a1055be739be, quit {}]
Capabilities {acceptInsecureCerts: true, browserName: firefox, browserVersion: 118.0.1, moz:accessibilityChecks: false, moz:buildID: 20230927232528, moz:debuggerAddress: 127.0.0.1:13662, moz:geckodriverVersion: 0.33.0, moz:headless: false, moz:platformVersion: 10.0, moz:processID: 18348, moz:profile: C:\windows\TEMP\rust_mozpro..., moz:shutdownTimeout: 60000, moz:webdriverClick: true, moz:windowless: false, pageLoadStrategy: normal, platformName: windows, proxy: Proxy(), se:cdp: ws://127.0.0.1:13662/devtoo..., se:cdpVersion: 85.0, setWindowRect: true, strictFileInteractability: false, timeouts: {implicit: 0, pageLoad: 300000, script: 30000}, unhandledPromptBehavior: dismiss and notify}
Session ID: 1328deb1-97f2-4941-9b5c-a1055be739be
at java.base/jdk.internal.reflect.NativeConstructorAccessorImpl.newInstance0(Native Method)
at java.base/jdk.internal.reflect.NativeConstructorAccessorImpl.newInstance(NativeConstructorAccessorImpl.java:77)
at java.base/jdk.internal.reflect.DelegatingConstructorAccessorImpl.newInstance(DelegatingConstructorAccessorImpl.java:45)
at java.base/java.lang.reflect.Constructor.newInstanceWithCaller(Constructor.java:499)
at java.base/java.lang.reflect.Constructor.newInstance(Constructor.java:480)
at org.openqa.selenium.remote.codec.w3c.W3CHttpResponseCodec.createException(W3CHttpResponseCodec.java:200)
at org.openqa.selenium.remote.codec.w3c.W3CHttpResponseCodec.decode(W3CHttpResponseCodec.java:133)
at org.openqa.selenium.remote.codec.w3c.W3CHttpResponseCodec.decode(W3CHttpResponseCodec.java:52)
at org.openqa.selenium.remote.HttpCommandExecutor.execute(HttpCommandExecutor.java:191)
at org.openqa.selenium.remote.service.DriverCommandExecutor.invokeExecute(DriverCommandExecutor.java:196)
at org.openqa.selenium.remote.service.DriverCommandExecutor.lambda$execute$1(DriverCommandExecutor.java:128)
at java.base/java.util.concurrent.CompletableFuture$AsyncSupply.run(CompletableFuture.java:1768)
at java.base/java.util.concurrent.ThreadPoolExecutor.runWorker(ThreadPoolExecutor.java:1136)
at java.base/java.util.concurrent.ThreadPoolExecutor$Worker.run(ThreadPoolExecutor.java:635)
at java.base/java.lang.Thread.run(Thread.java:833)
]]>
            </full-stacktrace>
          </exception> <!-- org.openqa.selenium.NoSuchSessionException -->
          <reporter-output>
          </reporter-output>
        </test-method> <!-- tearDown -->
      </class> <!-- com.stepDef.LoginSteps -->
    </test> <!-- Parallel Tests using firefox -->
  </suite> <!-- All Test Suite -->
</testng-results>
