<?xml version="1.0" encoding="UTF-8"?>
<!-- Generated by org.testng.reporters.JUnitReportReporter -->
<testsuite hostname="Ankush" failures="0" tests="1" name="com.runner.RunnerClass" time="0.263" errors="1" timestamp="2023-09-30T22:19:03 IST" skipped="0">
  <testcase classname="com.runner.RunnerClass" name="runScenario" time="0.263">
    <error message="Cannot invoke &quot;org.openqa.selenium.SearchContext.findElement(org.openqa.selenium.By)&quot; because &quot;this.searchContext&quot; is null" type="java.lang.NullPointerException">
      <![CDATA[java.lang.NullPointerException: Cannot invoke "org.openqa.selenium.SearchContext.findElement(org.openqa.selenium.By)" because "this.searchContext" is null
at org.openqa.selenium.support.pagefactory.DefaultElementLocator.findElement(DefaultElementLocator.java:68)
at org.openqa.selenium.support.pagefactory.internal.LocatingElementHandler.invoke(LocatingElementHandler.java:38)
at jdk.proxy2/jdk.proxy2.$Proxy23.click(Unknown Source)
at com.page.LoginPage.login(LoginPage.java:26)
at com.stepDef.LoginSteps.user_enters_valid_username_and_password(LoginSteps.java:32)
at ✽.User enters valid username and password(file:///E:/EclipseProject/MyCucumberFramework/DummyTemplate/src/test/java/features/Login.feature:5)
]]>
    </error>
  </testcase> <!-- runScenario -->
  <system-out/>
</testsuite> <!-- com.runner.RunnerClass -->
